# JRE version: OpenJDK Runtime Environment Temurin-21.0.7+6 (21.0.7+6) (build 21.0.7+6-LTS)
# Java VM: OpenJDK 64-Bit Server VM Temurin-21.0.7+6 (21.0.7+6-LTS, mixed mode, emulated-client, sharing, tiered, compressed oops, compressed class ptrs, g1 gc, windows-amd64)
GC Precious Log:
 CardTable entry size: 512
 Card Set container configuration: InlinePtr #cards 4 size 8 Array Of Cards #cards 16 size 48 Howl #buckets 8 coarsen threshold 3686 Howl Bitmap #cards 512 size 80 coarsen threshold 460 Card regions per heap region 1 cards per card region 4096
 CPUs: 8 total, 8 available
 Memory: 16295M
 Large Page Support: Disabled
 NUMA Support: Disabled
 Compressed Oops: Enabled (Zero based)
 Heap Region Size: 2M
 Heap Min Capacity: 8M
 Heap Initial Capacity: 256M
 Heap Max Capacity: 4074M
 Pre-touch: Disabled
 Parallel Workers: 8
 Concurrent Workers: 2
 Concurrent Refinement Workers: 8
 Periodic GC: Disabled
Heap:
 garbage-first heap   total 75776K, used 63387K [0x0000000701600000, 0x0000000800000000)
  region size 2048K, 14 young (28672K), 2 survivors (4096K)
 Metaspace       used 52178K, committed 52992K, reserved 1114112K
  class space    used 7017K, committed 7360K, reserved 1048576K
GC Heap History (20 events):
Event: 5838.915 GC heap after
{Heap after GC invocations=60 (full 10):
 garbage-first heap   total 75776K, used 28819K [0x0000000701600000, 0x0000000800000000)
  region size 2048K, 2 young (4096K), 2 survivors (4096K)
 Metaspace       used 51597K, committed 52800K, reserved 1114112K
  class space    used 6895K, committed 7360K, reserved 1048576K
}
Event: 7031.109 GC heap before
{Heap before GC invocations=60 (full 10):
 garbage-first heap   total 75776K, used 61587K [0x0000000701600000, 0x0000000800000000)
  region size 2048K, 18 young (36864K), 2 survivors (4096K)
 Metaspace       used 51658K, committed 52800K, reserved 1114112K
  class space    used 6907K, committed 7360K, reserved 1048576K
}
Event: 7031.113 GC heap after
{Heap after GC invocations=61 (full 10):
 garbage-first heap   total 75776K, used 29721K [0x0000000701600000, 0x0000000800000000)
  region size 2048K, 3 young (6144K), 3 survivors (6144K)
 Metaspace       used 51658K, committed 52800K, reserved 1114112K
  class space    used 6907K, committed 7360K, reserved 1048576K
}
Event: 7213.083 GC heap before
{Heap before GC invocations=61 (full 10):
 garbage-first heap   total 75776K, used 46105K [0x0000000701600000, 0x0000000800000000)
  region size 2048K, 12 young (24576K), 3 survivors (6144K)
 Metaspace       used 51671K, committed 52800K, reserved 1114112K
  class space    used 6910K, committed 7360K, reserved 1048576K
}
Event: 7213.143 GC heap after
{Heap after GC invocations=62 (full 11):
 garbage-first heap   total 75776K, used 20177K [0x0000000701600000, 0x0000000800000000)
  region size 2048K, 0 young (0K), 0 survivors (0K)
 Metaspace       used 51549K, committed 52800K, reserved 1114112K
  class space    used 6887K, committed 7360K, reserved 1048576K
}
Event: 7213.696 GC heap before
{Heap before GC invocations=62 (full 11):
 garbage-first heap   total 75776K, used 59089K [0x0000000701600000, 0x0000000800000000)
  region size 2048K, 20 young (40960K), 0 survivors (0K)
 Metaspace       used 51598K, committed 52800K, reserved 1114112K
  class space    used 6898K, committed 7360K, reserved 1048576K
}
Event: 7213.700 GC heap after
{Heap after GC invocations=63 (full 11):
 garbage-first heap   total 75776K, used 24390K [0x0000000701600000, 0x0000000800000000)
  region size 2048K, 3 young (6144K), 3 survivors (6144K)
 Metaspace       used 51598K, committed 52800K, reserved 1114112K
  class space    used 6898K, committed 7360K, reserved 1048576K
}
Event: 7223.654 GC heap before
{Heap before GC invocations=64 (full 11):
 garbage-first heap   total 75776K, used 59206K [0x0000000701600000, 0x0000000800000000)
  region size 2048K, 20 young (40960K), 3 survivors (6144K)
 Metaspace       used 51938K, committed 52800K, reserved 1114112K
  class space    used 6965K, committed 7360K, reserved 1048576K
}
Event: 7223.660 GC heap after
{Heap after GC invocations=65 (full 11):
 garbage-first heap   total 75776K, used 28029K [0x0000000701600000, 0x0000000800000000)
  region size 2048K, 3 young (6144K), 3 survivors (6144K)
 Metaspace       used 51938K, committed 52800K, reserved 1114112K
  class space    used 6965K, committed 7360K, reserved 1048576K
}
Event: 7227.480 GC heap before
{Heap before GC invocations=65 (full 11):
 garbage-first heap   total 75776K, used 58749K [0x0000000701600000, 0x0000000800000000)
  region size 2048K, 18 young (36864K), 3 survivors (6144K)
 Metaspace       used 51960K, committed 52800K, reserved 1114112K
  class space    used 6970K, committed 7360K, reserved 1048576K
}
Event: 7227.488 GC heap after
{Heap after GC invocations=66 (full 11):
 garbage-first heap   total 75776K, used 29306K [0x0000000701600000, 0x0000000800000000)
  region size 2048K, 2 young (4096K), 2 survivors (4096K)
 Metaspace       used 51960K, committed 52800K, reserved 1114112K
  class space    used 6970K, committed 7360K, reserved 1048576K
}
Event: 7227.885 GC heap before
{Heap before GC invocations=66 (full 11):
 garbage-first heap   total 75776K, used 60026K [0x0000000701600000, 0x0000000800000000)
  region size 2048K, 18 young (36864K), 2 survivors (4096K)
 Metaspace       used 51972K, committed 52800K, reserved 1114112K
  class space    used 6972K, committed 7360K, reserved 1048576K
}
Event: 7227.889 GC heap after
{Heap after GC invocations=67 (full 11):
 garbage-first heap   total 75776K, used 32052K [0x0000000701600000, 0x0000000800000000)
  region size 2048K, 3 young (6144K), 3 survivors (6144K)
 Metaspace       used 51972K, committed 52800K, reserved 1114112K
  class space    used 6972K, committed 7360K, reserved 1048576K
}
Event: 7292.215 GC heap before
{Heap before GC invocations=68 (full 11):
 garbage-first heap   total 75776K, used 60724K [0x0000000701600000, 0x0000000800000000)
  region size 2048K, 17 young (34816K), 3 survivors (6144K)
 Metaspace       used 51983K, committed 52800K, reserved 1114112K
  class space    used 6974K, committed 7360K, reserved 1048576K
}
Event: 7292.220 GC heap after
{Heap after GC invocations=69 (full 11):
 garbage-first heap   total 75776K, used 34133K [0x0000000701600000, 0x0000000800000000)
  region size 2048K, 3 young (6144K), 3 survivors (6144K)
 Metaspace       used 51983K, committed 52800K, reserved 1114112K
  class space    used 6974K, committed 7360K, reserved 1048576K
}
Event: 7292.519 GC heap before
{Heap before GC invocations=69 (full 11):
 garbage-first heap   total 75776K, used 60757K [0x0000000701600000, 0x0000000800000000)
  region size 2048K, 16 young (32768K), 3 survivors (6144K)
 Metaspace       used 51985K, committed 52800K, reserved 1114112K
  class space    used 6975K, committed 7360K, reserved 1048576K
}
Event: 7292.524 GC heap after
{Heap after GC invocations=70 (full 11):
 garbage-first heap   total 75776K, used 35435K [0x0000000701600000, 0x0000000800000000)
  region size 2048K, 2 young (4096K), 2 survivors (4096K)
 Metaspace       used 51985K, committed 52800K, reserved 1114112K
  class space    used 6975K, committed 7360K, reserved 1048576K
}
Event: 7292.862 GC heap before
{Heap before GC invocations=70 (full 11):
 garbage-first heap   total 75776K, used 62059K [0x0000000701600000, 0x0000000800000000)
  region size 2048K, 15 young (30720K), 2 survivors (4096K)
 Metaspace       used 52084K, committed 52928K, reserved 1114112K
  class space    used 6999K, committed 7360K, reserved 1048576K
}
Event: 7292.866 GC heap after
{Heap after GC invocations=71 (full 11):
 garbage-first heap   total 75776K, used 38811K [0x0000000701600000, 0x0000000800000000)
  region size 2048K, 2 young (4096K), 2 survivors (4096K)
 Metaspace       used 52084K, committed 52928K, reserved 1114112K
  class space    used 6999K, committed 7360K, reserved 1048576K
}
Event: 7345.425 GC heap before
{Heap before GC invocations=72 (full 11):
 garbage-first heap   total 75776K, used 63387K [0x0000000701600000, 0x0000000800000000)
  region size 2048K, 14 young (28672K), 2 survivors (4096K)
 Metaspace       used 52178K, committed 52992K, reserved 1114112K
  class space    used 7017K, committed 7360K, reserved 1048576K
}

